[debug] [2018-03-11T01:25:19.773Z] ----------------------------------------------------------------------
[debug] [2018-03-11T01:25:19.775Z] Command:       /usr/local/bin/node /usr/local/bin/firebase serve
[debug] [2018-03-11T01:25:19.775Z] CLI Version:   3.17.6
[debug] [2018-03-11T01:25:19.775Z] Platform:      linux
[debug] [2018-03-11T01:25:19.775Z] Node Version:  v9.4.0
[debug] [2018-03-11T01:25:19.775Z] Time:          Sat Mar 10 2018 17:25:19 GMT-0800 (PST)
[debug] [2018-03-11T01:25:19.776Z] ----------------------------------------------------------------------
[debug] 
[debug] [2018-03-11T01:25:19.790Z] > command requires scopes: ["email","openid","https://www.googleapis.com/auth/cloudplatformprojects.readonly","https://www.googleapis.com/auth/firebase","https://www.googleapis.com/auth/cloud-platform"]
[debug] [2018-03-11T01:25:19.791Z] > authorizing via signed-in user
[debug] [2018-03-11T01:25:19.792Z] >>> HTTP REQUEST GET https://admin.firebase.com/v1/projects/ratebishops-6b27c  
  
 Sat Mar 10 2018 17:25:19 GMT-0800 (PST)
[debug] [2018-03-11T01:25:20.345Z] <<< HTTP RESPONSE 200
[debug] [2018-03-11T01:25:20.348Z] >>> HTTP REQUEST GET https://admin.firebase.com/v1/database/ratebishops-6b27c/tokens  
  
 Sat Mar 10 2018 17:25:20 GMT-0800 (PST)
[debug] [2018-03-11T01:25:20.815Z] <<< HTTP RESPONSE 200
[debug] [2018-03-11T01:25:20.820Z] >>> HTTP REQUEST GET https://cloudresourcemanager.googleapis.com/v1/projects/ratebishops-6b27c  
  
 Sat Mar 10 2018 17:25:20 GMT-0800 (PST)
[debug] [2018-03-11T01:25:21.280Z] <<< HTTP RESPONSE 200
[info] 
[info] === Serving from '/home/khb/School/Programming/BishopsAttendance'...
[info] 
[debug] [2018-03-11T01:25:21.286Z] >>> HTTP REQUEST GET https://mobilesdk-pa.googleapis.com/v1/projects/62112601506/clients/_:getWebAppConfig  
  
 Sat Mar 10 2018 17:25:21 GMT-0800 (PST)
[debug] [2018-03-11T01:25:21.704Z] <<< HTTP RESPONSE 200
[info] i  hosting: Serving hosting files from: public
[info] ✔  hosting: Local server: http://localhost:5000

